time,opname,outlier,qdepth,esize,nobjs,batchsize,raw_iops,eff_iops
1479844212,zlog_batch_write_simple,0,25,1024,50,10,2800,28008
1479844214,zlog_batch_write_simple,0,25,1024,50,10,4054,40542
1479844216,zlog_batch_write_simple,0,25,1024,50,10,4055,40557
1479844218,zlog_batch_write_simple,0,25,1024,50,10,4058,40587
1479844220,zlog_batch_write_simple,0,25,1024,50,10,4127,41272
1479844222,zlog_batch_write_simple,0,25,1024,50,10,4053,40532
1479844224,zlog_batch_write_simple,0,25,1024,50,10,4099,40997
1479844226,zlog_batch_write_simple,0,25,1024,50,10,4127,41277
1479844228,zlog_batch_write_simple,0,25,1024,50,10,4030,40302
1479844230,zlog_batch_write_simple,0,25,1024,50,10,4160,41607
1479844232,zlog_batch_write_simple,0,25,1024,50,10,4138,41387
1479844234,zlog_batch_write_simple,0,25,1024,50,10,4132,41322
1479844236,zlog_batch_write_simple,0,25,1024,50,10,4103,41032
1479844238,zlog_batch_write_simple,0,25,1024,50,10,4025,40256
1479844240,zlog_batch_write_simple,0,25,1024,50,10,4185,41857
1479844242,zlog_batch_write_simple,0,25,1024,50,10,4115,41157
1479844244,zlog_batch_write_simple,0,25,1024,50,10,4133,41332
1479844246,zlog_batch_write_simple,0,25,1024,50,10,4105,41052
1479844248,zlog_batch_write_simple,0,25,1024,50,10,4081,40812
1479844250,zlog_batch_write_simple,0,25,1024,50,10,4090,40902
1479844252,zlog_batch_write_simple,0,25,1024,50,10,4028,40282
1479844254,zlog_batch_write_simple,0,25,1024,50,10,4014,40147
1479844256,zlog_batch_write_simple,0,25,1024,50,10,4031,40312
1479844258,zlog_batch_write_simple,0,25,1024,50,10,4047,40473
1479844260,zlog_batch_write_simple,0,25,1024,50,10,4039,40392
1479844262,zlog_batch_write_simple,0,25,1024,50,10,4022,40227
1479844264,zlog_batch_write_simple,0,25,1024,50,10,4045,40452
1479844266,zlog_batch_write_simple,0,25,1024,50,10,3966,39667
1479844268,zlog_batch_write_simple,0,25,1024,50,10,3986,39867
1479844270,zlog_batch_write_simple,0,25,1024,50,10,3948,39482
1479844272,zlog_batch_write_simple,0,25,1024,50,10,3939,39392
1479844274,zlog_batch_write_simple,0,25,1024,50,10,3936,39367
1479844276,zlog_batch_write_simple,0,25,1024,50,10,3933,39337
1479844278,zlog_batch_write_simple,0,25,1024,50,10,3953,39537
1479844280,zlog_batch_write_simple,0,25,1024,50,10,3985,39857
1479844282,zlog_batch_write_simple,0,25,1024,50,10,3866,38667
1479844284,zlog_batch_write_simple,0,25,1024,50,10,3954,39542
1479844286,zlog_batch_write_simple,0,25,1024,50,10,3964,39642
1479844288,zlog_batch_write_simple,0,25,1024,50,10,3919,39197
1479844290,zlog_batch_write_simple,0,25,1024,50,10,3888,38887
1479844292,zlog_batch_write_simple,0,25,1024,50,10,3909,39096
1479844294,zlog_batch_write_simple,0,25,1024,50,10,3888,38887
1479844296,zlog_batch_write_simple,0,25,1024,50,10,3999,39992
1479844298,zlog_batch_write_simple,0,25,1024,50,10,3954,39542
1479844300,zlog_batch_write_simple,0,25,1024,50,10,3935,39352
1479844302,zlog_batch_write_simple,0,25,1024,50,10,3906,39067
1479844304,zlog_batch_write_simple,0,25,1024,50,10,3898,38987
1479844306,zlog_batch_write_simple,0,25,1024,50,10,3882,38822
1479844308,zlog_batch_write_simple,0,25,1024,50,10,3902,39022
1479844310,zlog_batch_write_simple,0,25,1024,50,10,3852,38527
1479844312,zlog_batch_write_simple,0,25,1024,50,10,3920,39207
1479844314,zlog_batch_write_simple,0,25,1024,50,10,3902,39027
1479844316,zlog_batch_write_simple,0,25,1024,50,10,3897,38972
1479844318,zlog_batch_write_simple,0,25,1024,50,10,3896,38967
1479844320,zlog_batch_write_simple,0,25,1024,50,10,3967,39672
1479844322,zlog_batch_write_simple,0,25,1024,50,10,3918,39182
1479844324,zlog_batch_write_simple,0,25,1024,50,10,3922,39222
1479844326,zlog_batch_write_simple,0,25,1024,50,10,3878,38787
1479844328,zlog_batch_write_simple,0,25,1024,50,10,3852,38522
1479844330,zlog_batch_write_simple,0,25,1024,50,10,3895,38952
1479844332,zlog_batch_write_simple,0,25,1024,50,10,3937,39377
1479844334,zlog_batch_write_simple,0,25,1024,50,10,3914,39147
1479844336,zlog_batch_write_simple,0,25,1024,50,10,3882,38823
1479844338,zlog_batch_write_simple,0,25,1024,50,10,3846,38467
1479844340,zlog_batch_write_simple,0,25,1024,50,10,3964,39642
1479844342,zlog_batch_write_simple,0,25,1024,50,10,3927,39272
1479844344,zlog_batch_write_simple,0,25,1024,50,10,3916,39160
1479844346,zlog_batch_write_simple,0,25,1024,50,10,3875,38757
1479844348,zlog_batch_write_simple,0,25,1024,50,10,3884,38842
1479844350,zlog_batch_write_simple,0,25,1024,50,10,3849,38497
1479844352,zlog_batch_write_simple,0,25,1024,50,10,3861,38617
1479844354,zlog_batch_write_simple,0,25,1024,50,10,3813,38133
1479844356,zlog_batch_write_simple,0,25,1024,50,10,3890,38902
1479844358,zlog_batch_write_simple,0,25,1024,50,10,3903,39037
1479844360,zlog_batch_write_simple,0,25,1024,50,10,3873,38732
1479844362,zlog_batch_write_simple,0,25,1024,50,10,3860,38607
1479844364,zlog_batch_write_simple,0,25,1024,50,10,3928,39283
1479844366,zlog_batch_write_simple,0,25,1024,50,10,3949,39492
1479844368,zlog_batch_write_simple,0,25,1024,50,10,3880,38808
1479844370,zlog_batch_write_simple,0,25,1024,50,10,3901,39017
1479844372,zlog_batch_write_simple,0,25,1024,50,10,3964,39647
1479844374,zlog_batch_write_simple,0,25,1024,50,10,3912,39128
1479844376,zlog_batch_write_simple,0,25,1024,50,10,3905,39057
1479844378,zlog_batch_write_simple,0,25,1024,50,10,3894,38947
1479844380,zlog_batch_write_simple,0,25,1024,50,10,3903,39031
1479844382,zlog_batch_write_simple,0,25,1024,50,10,3905,39052
1479844384,zlog_batch_write_simple,0,25,1024,50,10,3947,39477
1479844386,zlog_batch_write_simple,0,25,1024,50,10,3823,38237
1479844388,zlog_batch_write_simple,0,25,1024,50,10,3885,38852
1479844390,zlog_batch_write_simple,0,25,1024,50,10,3830,38307
1479844392,zlog_batch_write_simple,0,25,1024,50,10,3917,39172
1479844394,zlog_batch_write_simple,0,25,1024,50,10,3971,39713
1479844396,zlog_batch_write_simple,0,25,1024,50,10,3894,38947
1479844398,zlog_batch_write_simple,0,25,1024,50,10,3915,39157
1479844400,zlog_batch_write_simple,0,25,1024,50,10,3913,39132
1479844402,zlog_batch_write_simple,0,25,1024,50,10,3828,38282
1479844404,zlog_batch_write_simple,0,25,1024,50,10,3953,39533
1479844406,zlog_batch_write_simple,0,25,1024,50,10,3904,39042
1479844408,zlog_batch_write_simple,0,25,1024,50,10,3949,39497
1479844410,zlog_batch_write_simple,0,25,1024,50,10,3942,39427
1479844412,zlog_batch_write_simple,0,25,1024,50,10,3935,39357
1479844414,zlog_batch_write_simple,0,25,1024,50,10,3833,38337
1479844416,zlog_batch_write_simple,0,25,1024,50,10,3918,39187
1479844418,zlog_batch_write_simple,0,25,1024,50,10,3917,39177
1479844420,zlog_batch_write_simple,0,25,1024,50,10,3911,39117
1479844422,zlog_batch_write_simple,0,25,1024,50,10,3729,37297
1479844424,zlog_batch_write_simple,0,25,1024,50,10,3849,38492
1479844426,zlog_batch_write_simple,0,25,1024,50,10,3898,38987
1479844428,zlog_batch_write_simple,0,25,1024,50,10,3871,38717
1479844430,zlog_batch_write_simple,0,25,1024,50,10,3858,38582
1479844432,zlog_batch_write_simple,0,25,1024,50,10,3825,38252
1479844434,zlog_batch_write_simple,0,25,1024,50,10,3647,36477
1479844436,zlog_batch_write_simple,0,25,1024,50,10,3845,38457
1479844438,zlog_batch_write_simple,0,25,1024,50,10,3902,39022
1479844440,zlog_batch_write_simple,0,25,1024,50,10,3861,38617
1479844442,zlog_batch_write_simple,0,25,1024,50,10,3846,38467
1479844444,zlog_batch_write_simple,0,25,1024,50,10,3939,39392
1479844446,zlog_batch_write_simple,0,25,1024,50,10,3941,39417
1479844448,zlog_batch_write_simple,0,25,1024,50,10,3901,39018
1479844450,zlog_batch_write_simple,0,25,1024,50,10,3945,39457
1479844452,zlog_batch_write_simple,0,25,1024,50,10,3893,38939
1479844454,zlog_batch_write_simple,0,25,1024,50,10,3841,38412
1479844456,zlog_batch_write_simple,0,25,1024,50,10,3804,38047
1479844458,zlog_batch_write_simple,0,25,1024,50,10,3898,38987
1479844460,zlog_batch_write_simple,0,25,1024,50,10,3863,38632
1479844462,zlog_batch_write_simple,0,25,1024,50,10,3756,37568
1479844464,zlog_batch_write_simple,0,25,1024,50,10,3878,38782
1479844466,zlog_batch_write_simple,0,25,1024,50,10,3890,38907
1479844468,zlog_batch_write_simple,0,25,1024,50,10,3857,38572
1479844470,zlog_batch_write_simple,0,25,1024,50,10,3838,38380
1479844472,zlog_batch_write_simple,0,25,1024,50,10,3830,38302
1479844474,zlog_batch_write_simple,0,25,1024,50,10,3970,39702
1479844476,zlog_batch_write_simple,0,25,1024,50,10,3885,38856
1479844478,zlog_batch_write_simple,0,25,1024,50,10,3869,38692
1479844480,zlog_batch_write_simple,0,25,1024,50,10,3810,38107
1479844482,zlog_batch_write_simple,0,25,1024,50,10,3949,39492
1479844484,zlog_batch_write_simple,0,25,1024,50,10,3907,39076
1479844486,zlog_batch_write_simple,0,25,1024,50,10,3894,38947
1479844488,zlog_batch_write_simple,0,25,1024,50,10,3769,37698
1479844490,zlog_batch_write_simple,0,25,1024,50,10,3895,38952
1479844492,zlog_batch_write_simple,0,25,1024,50,10,3882,38822
1479844494,zlog_batch_write_simple,0,25,1024,50,10,3915,39152
1479844496,zlog_batch_write_simple,0,25,1024,50,10,3894,38942
1479844498,zlog_batch_write_simple,0,25,1024,50,10,3864,38642
1479844500,zlog_batch_write_simple,0,25,1024,50,10,3916,39167
1479844502,zlog_batch_write_simple,0,25,1024,50,10,3929,39297
1479844504,zlog_batch_write_simple,0,25,1024,50,10,3885,38857
1479844506,zlog_batch_write_simple,0,25,1024,50,10,3842,38422
1479844508,zlog_batch_write_simple,0,25,1024,50,10,3878,38788
