time,opname,outlier,qdepth,esize,nobjs,batchsize,raw_iops,eff_iops
1479846317,zlog_batch_write_batch_oident,10,25,1024,50,10,7243,72432
1479846319,zlog_batch_write_batch_oident,10,25,1024,50,10,10270,102702
1479846321,zlog_batch_write_batch_oident,10,25,1024,50,10,10710,107108
1479846323,zlog_batch_write_batch_oident,10,25,1024,50,10,10634,106343
1479846325,zlog_batch_write_batch_oident,10,25,1024,50,10,10753,107538
1479846327,zlog_batch_write_batch_oident,10,25,1024,50,10,10764,107643
1479846329,zlog_batch_write_batch_oident,10,25,1024,50,10,10684,106848
1479846331,zlog_batch_write_batch_oident,10,25,1024,50,10,10166,101668
1479846333,zlog_batch_write_batch_oident,10,25,1024,50,10,10441,104419
1479846335,zlog_batch_write_batch_oident,10,25,1024,50,10,10730,107303
1479846337,zlog_batch_write_batch_oident,10,25,1024,50,10,10321,103218
1479846339,zlog_batch_write_batch_oident,10,25,1024,50,10,10833,108338
1479846341,zlog_batch_write_batch_oident,10,25,1024,50,10,10692,106929
1479846343,zlog_batch_write_batch_oident,10,25,1024,50,10,9457,94574
1479846345,zlog_batch_write_batch_oident,10,25,1024,50,10,10198,101983
1479846347,zlog_batch_write_batch_oident,10,25,1024,50,10,10490,104908
1479846349,zlog_batch_write_batch_oident,10,25,1024,50,10,10456,104568
1479846351,zlog_batch_write_batch_oident,10,25,1024,50,10,10803,108037
1479846353,zlog_batch_write_batch_oident,10,25,1024,50,10,10795,107953
1479846355,zlog_batch_write_batch_oident,10,25,1024,50,10,8316,83165
1479846357,zlog_batch_write_batch_oident,10,25,1024,50,10,10518,105189
1479846359,zlog_batch_write_batch_oident,10,25,1024,50,10,10477,104774
1479846361,zlog_batch_write_batch_oident,10,25,1024,50,10,9537,95374
1479846363,zlog_batch_write_batch_oident,10,25,1024,50,10,10276,102768
1479846365,zlog_batch_write_batch_oident,10,25,1024,50,10,10780,107809
1479846367,zlog_batch_write_batch_oident,10,25,1024,50,10,10517,105179
1479846369,zlog_batch_write_batch_oident,10,25,1024,50,10,10504,105048
1479846371,zlog_batch_write_batch_oident,10,25,1024,50,10,10433,104333
1479846373,zlog_batch_write_batch_oident,10,25,1024,50,10,8785,87855
1479846375,zlog_batch_write_batch_oident,10,25,1024,50,10,10469,104699
1479846377,zlog_batch_write_batch_oident,10,25,1024,50,10,10437,104379
1479846379,zlog_batch_write_batch_oident,10,25,1024,50,10,10317,103179
1479846381,zlog_batch_write_batch_oident,10,25,1024,50,10,10636,106363
1479846383,zlog_batch_write_batch_oident,10,25,1024,50,10,10590,105903
1479846385,zlog_batch_write_batch_oident,10,25,1024,50,10,10211,102119
1479846387,zlog_batch_write_batch_oident,10,25,1024,50,10,10533,105334
1479846389,zlog_batch_write_batch_oident,10,25,1024,50,10,10191,101914
1479846391,zlog_batch_write_batch_oident,10,25,1024,50,10,9797,97974
1479846393,zlog_batch_write_batch_oident,10,25,1024,50,10,10518,105189
1479846395,zlog_batch_write_batch_oident,10,25,1024,50,10,9380,93804
1479846397,zlog_batch_write_batch_oident,10,25,1024,50,10,9920,99204
1479846399,zlog_batch_write_batch_oident,10,25,1024,50,10,10348,103489
1479846401,zlog_batch_write_batch_oident,10,25,1024,50,10,10442,104429
1479846403,zlog_batch_write_batch_oident,10,25,1024,50,10,9821,98214
1479846405,zlog_batch_write_batch_oident,10,25,1024,50,10,10186,101864
1479846407,zlog_batch_write_batch_oident,10,25,1024,50,10,9391,93915
1479846409,zlog_batch_write_batch_oident,10,25,1024,50,10,9810,98100
1479846411,zlog_batch_write_batch_oident,10,25,1024,50,10,10503,105039
1479846413,zlog_batch_write_batch_oident,10,25,1024,50,10,9089,90895
1479846415,zlog_batch_write_batch_oident,10,25,1024,50,10,10504,105044
1479846417,zlog_batch_write_batch_oident,10,25,1024,50,10,10528,105283
1479846419,zlog_batch_write_batch_oident,10,25,1024,50,10,10273,102739
1479846421,zlog_batch_write_batch_oident,10,25,1024,50,10,9902,99029
1479846423,zlog_batch_write_batch_oident,10,25,1024,50,10,10270,102703
1479846425,zlog_batch_write_batch_oident,10,25,1024,50,10,7299,72995
1479846427,zlog_batch_write_batch_oident,10,25,1024,50,10,10357,103570
1479846429,zlog_batch_write_batch_oident,10,25,1024,50,10,10400,104009
1479846431,zlog_batch_write_batch_oident,10,25,1024,50,10,9988,99889
1479846433,zlog_batch_write_batch_oident,10,25,1024,50,10,9999,99994
1479846435,zlog_batch_write_batch_oident,10,25,1024,50,10,10655,106553
1479846437,zlog_batch_write_batch_oident,10,25,1024,50,10,8773,87731
1479846439,zlog_batch_write_batch_oident,10,25,1024,50,10,10447,104474
1479846441,zlog_batch_write_batch_oident,10,25,1024,50,10,10339,103399
1479846443,zlog_batch_write_batch_oident,10,25,1024,50,10,9202,92024
1479846445,zlog_batch_write_batch_oident,10,25,1024,50,10,10297,102973
1479846447,zlog_batch_write_batch_oident,10,25,1024,50,10,10556,105563
1479846449,zlog_batch_write_batch_oident,10,25,1024,50,10,8656,86563
1479846451,zlog_batch_write_batch_oident,10,25,1024,50,10,10543,105433
1479846453,zlog_batch_write_batch_oident,10,25,1024,50,10,9029,90290
1479846455,zlog_batch_write_batch_oident,10,25,1024,50,10,9251,92510
1479846457,zlog_batch_write_batch_oident,10,25,1024,50,10,10443,104439
1479846459,zlog_batch_write_batch_oident,10,25,1024,50,10,10243,102434
1479846461,zlog_batch_write_batch_oident,10,25,1024,50,10,9920,99209
1479846463,zlog_batch_write_batch_oident,10,25,1024,50,10,10348,103489
1479846465,zlog_batch_write_batch_oident,10,25,1024,50,10,10544,105443
1479846467,zlog_batch_write_batch_oident,10,25,1024,50,10,10371,103714
1479846469,zlog_batch_write_batch_oident,10,25,1024,50,10,10413,104139
1479846471,zlog_batch_write_batch_oident,10,25,1024,50,10,10310,103104
1479846473,zlog_batch_write_batch_oident,10,25,1024,50,10,10384,103849
1479846475,zlog_batch_write_batch_oident,10,25,1024,50,10,10376,103769
1479846477,zlog_batch_write_batch_oident,10,25,1024,50,10,9990,99904
1479846479,zlog_batch_write_batch_oident,10,25,1024,50,10,9702,97024
1479846481,zlog_batch_write_batch_oident,10,25,1024,50,10,9973,99734
1479846483,zlog_batch_write_batch_oident,10,25,1024,50,10,10257,102572
1479846486,zlog_batch_write_batch_oident,10,25,1024,50,10,10478,104780
1479846488,zlog_batch_write_batch_oident,10,25,1024,50,10,10334,103349
1479846490,zlog_batch_write_batch_oident,10,25,1024,50,10,10300,103004
1479846492,zlog_batch_write_batch_oident,10,25,1024,50,10,10275,102754
1479846494,zlog_batch_write_batch_oident,10,25,1024,50,10,10315,103154
1479846496,zlog_batch_write_batch_oident,10,25,1024,50,10,10078,100789
1479846498,zlog_batch_write_batch_oident,10,25,1024,50,10,10185,101854
1479846500,zlog_batch_write_batch_oident,10,25,1024,50,10,10384,103844
1479846502,zlog_batch_write_batch_oident,10,25,1024,50,10,8239,82390
1479846504,zlog_batch_write_batch_oident,10,25,1024,50,10,10107,101073
1479846506,zlog_batch_write_batch_oident,10,25,1024,50,10,10426,104268
1479846508,zlog_batch_write_batch_oident,10,25,1024,50,10,7965,79655
1479846510,zlog_batch_write_batch_oident,10,25,1024,50,10,10303,103033
1479846512,zlog_batch_write_batch_oident,10,25,1024,50,10,10150,101508
1479846514,zlog_batch_write_batch_oident,10,25,1024,50,10,9120,91204
1479846516,zlog_batch_write_batch_oident,10,25,1024,50,10,9573,95739
1479846518,zlog_batch_write_batch_oident,10,25,1024,50,10,10096,100969
1479846520,zlog_batch_write_batch_oident,10,25,1024,50,10,9501,95014
1479846522,zlog_batch_write_batch_oident,10,25,1024,50,10,10397,103976
1479846524,zlog_batch_write_batch_oident,10,25,1024,50,10,10261,102613
1479846526,zlog_batch_write_batch_oident,10,25,1024,50,10,9793,97934
1479846528,zlog_batch_write_batch_oident,10,25,1024,50,10,10349,103494
1479846530,zlog_batch_write_batch_oident,10,25,1024,50,10,9927,99279
1479846532,zlog_batch_write_batch_oident,10,25,1024,50,10,9067,90679
1479846534,zlog_batch_write_batch_oident,10,25,1024,50,10,10120,101204
1479846536,zlog_batch_write_batch_oident,10,25,1024,50,10,7216,72160
1479846538,zlog_batch_write_batch_oident,10,25,1024,50,10,10303,103039
1479846540,zlog_batch_write_batch_oident,10,25,1024,50,10,9283,92834
1479846542,zlog_batch_write_batch_oident,10,25,1024,50,10,9419,94194
1479846544,zlog_batch_write_batch_oident,10,25,1024,50,10,10041,100419
1479846546,zlog_batch_write_batch_oident,10,25,1024,50,10,10029,100294
1479846548,zlog_batch_write_batch_oident,10,25,1024,50,10,9326,93268
1479846550,zlog_batch_write_batch_oident,10,25,1024,50,10,9748,97488
1479846552,zlog_batch_write_batch_oident,10,25,1024,50,10,9920,99204
1479846554,zlog_batch_write_batch_oident,10,25,1024,50,10,8401,84015
1479846556,zlog_batch_write_batch_oident,10,25,1024,50,10,9843,98434
1479846558,zlog_batch_write_batch_oident,10,25,1024,50,10,10117,101174
1479846560,zlog_batch_write_batch_oident,10,25,1024,50,10,9274,92744
1479846562,zlog_batch_write_batch_oident,10,25,1024,50,10,9936,99369
1479846564,zlog_batch_write_batch_oident,10,25,1024,50,10,10236,102369
1479846566,zlog_batch_write_batch_oident,10,25,1024,50,10,9432,94324
1479846568,zlog_batch_write_batch_oident,10,25,1024,50,10,10314,103148
1479846570,zlog_batch_write_batch_oident,10,25,1024,50,10,10216,102164
1479846572,zlog_batch_write_batch_oident,10,25,1024,50,10,8322,83225
1479846574,zlog_batch_write_batch_oident,10,25,1024,50,10,9989,99894
1479846576,zlog_batch_write_batch_oident,10,25,1024,50,10,10120,101203
1479846578,zlog_batch_write_batch_oident,10,25,1024,50,10,9657,96574
1479846580,zlog_batch_write_batch_oident,10,25,1024,50,10,10398,103989
1479846582,zlog_batch_write_batch_oident,10,25,1024,50,10,9133,91339
1479846584,zlog_batch_write_batch_oident,10,25,1024,50,10,8277,82770
1479846586,zlog_batch_write_batch_oident,10,25,1024,50,10,10394,103944
1479846588,zlog_batch_write_batch_oident,10,25,1024,50,10,10319,103194
1479846590,zlog_batch_write_batch_oident,10,25,1024,50,10,10058,100584
1479846592,zlog_batch_write_batch_oident,10,25,1024,50,10,10505,105054
1479846594,zlog_batch_write_batch_oident,10,25,1024,50,10,10253,102539
1479846596,zlog_batch_write_batch_oident,10,25,1024,50,10,9838,98389
1479846598,zlog_batch_write_batch_oident,10,25,1024,50,10,10198,101984
1479846600,zlog_batch_write_batch_oident,10,25,1024,50,10,9311,93114
1479846602,zlog_batch_write_batch_oident,10,25,1024,50,10,10101,101016
1479846604,zlog_batch_write_batch_oident,10,25,1024,50,10,10257,102579
1479846606,zlog_batch_write_batch_oident,10,25,1024,50,10,9142,91429
1479846608,zlog_batch_write_batch_oident,10,25,1024,50,10,8908,89084
1479846610,zlog_batch_write_batch_oident,10,25,1024,50,10,10134,101344
1479846612,zlog_batch_write_batch_oident,10,25,1024,50,10,9644,96444
1479846614,zlog_batch_write_batch_oident,10,25,1024,50,10,9540,95400
