time,opname,qdepth,esize,nobjs,batchsize,raw_iops,eff_iops
1479360874,zlog_batch_write_simple,40,1024,40,10,2783,27834
1479360876,zlog_batch_write_simple,40,1024,40,10,3894,38947
1479360878,zlog_batch_write_simple,40,1024,40,10,3907,39077
1479360880,zlog_batch_write_simple,40,1024,40,10,4125,41257
1479360882,zlog_batch_write_simple,40,1024,40,10,4084,40840
1479360884,zlog_batch_write_simple,40,1024,40,10,4135,41357
1479360886,zlog_batch_write_simple,40,1024,40,10,4052,40527
1479360888,zlog_batch_write_simple,40,1024,40,10,4100,41007
1479360890,zlog_batch_write_simple,40,1024,40,10,4031,40312
1479360892,zlog_batch_write_simple,40,1024,40,10,4003,40037
1479360894,zlog_batch_write_simple,40,1024,40,10,4123,41232
1479360896,zlog_batch_write_simple,40,1024,40,10,4043,40437
1479360898,zlog_batch_write_simple,40,1024,40,10,4073,40730
1479360900,zlog_batch_write_simple,40,1024,40,10,4053,40532
1479360902,zlog_batch_write_simple,40,1024,40,10,4058,40587
1479360904,zlog_batch_write_simple,40,1024,40,10,3999,39997
1479360906,zlog_batch_write_simple,40,1024,40,10,4017,40172
1479360908,zlog_batch_write_simple,40,1024,40,10,4022,40228
1479360910,zlog_batch_write_simple,40,1024,40,10,4044,40447
1479360912,zlog_batch_write_simple,40,1024,40,10,4010,40102
1479360914,zlog_batch_write_simple,40,1024,40,10,4034,40342
1479360916,zlog_batch_write_simple,40,1024,40,10,3999,39998
1479360918,zlog_batch_write_simple,40,1024,40,10,4015,40152
1479360920,zlog_batch_write_simple,40,1024,40,10,3820,38202
1479360922,zlog_batch_write_simple,40,1024,40,10,4011,40112
1479360924,zlog_batch_write_simple,40,1024,40,10,3978,39787
1479360926,zlog_batch_write_simple,40,1024,40,10,3947,39472
1479360928,zlog_batch_write_simple,40,1024,40,10,3994,39947
1479360930,zlog_batch_write_simple,40,1024,40,10,3953,39533
1479360932,zlog_batch_write_simple,40,1024,40,10,3939,39398
1479360934,zlog_batch_write_simple,40,1024,40,10,3948,39487
1479360936,zlog_batch_write_simple,40,1024,40,10,3846,38467
1479360938,zlog_batch_write_simple,40,1024,40,10,3892,38922
1479360940,zlog_batch_write_simple,40,1024,40,10,3893,38938
1479360942,zlog_batch_write_simple,40,1024,40,10,3868,38687
1479360944,zlog_batch_write_simple,40,1024,40,10,3846,38463
1479360946,zlog_batch_write_simple,40,1024,40,10,3825,38257
1479360948,zlog_batch_write_simple,40,1024,40,10,3893,38932
1479360950,zlog_batch_write_simple,40,1024,40,10,3871,38717
1479360952,zlog_batch_write_simple,40,1024,40,10,3877,38772
1479360954,zlog_batch_write_simple,40,1024,40,10,3831,38312
1479360956,zlog_batch_write_simple,40,1024,40,10,3902,39022
1479360958,zlog_batch_write_simple,40,1024,40,10,3909,39092
1479360960,zlog_batch_write_simple,40,1024,40,10,3831,38317
1479360962,zlog_batch_write_simple,40,1024,40,10,3795,37957
1479360964,zlog_batch_write_simple,40,1024,40,10,3874,38747
1479360966,zlog_batch_write_simple,40,1024,40,10,3817,38177
1479360968,zlog_batch_write_simple,40,1024,40,10,3885,38852
1479360970,zlog_batch_write_simple,40,1024,40,10,3852,38527
1479360972,zlog_batch_write_simple,40,1024,40,10,3820,38208
1479360974,zlog_batch_write_simple,40,1024,40,10,3841,38418
1479360976,zlog_batch_write_simple,40,1024,40,10,3924,39248
1479360978,zlog_batch_write_simple,40,1024,40,10,3872,38728
1479360980,zlog_batch_write_simple,40,1024,40,10,3833,38333
1479360982,zlog_batch_write_simple,40,1024,40,10,3868,38682
1479360984,zlog_batch_write_simple,40,1024,40,10,3880,38807
1479360986,zlog_batch_write_simple,40,1024,40,10,3871,38712
1479360988,zlog_batch_write_simple,40,1024,40,10,3824,38243
1479360990,zlog_batch_write_simple,40,1024,40,10,3814,38148
1479360992,zlog_batch_write_simple,40,1024,40,10,3886,38867
1479360994,zlog_batch_write_simple,40,1024,40,10,3860,38608
1479360996,zlog_batch_write_simple,40,1024,40,10,3827,38273
1479360998,zlog_batch_write_simple,40,1024,40,10,3915,39157
1479361000,zlog_batch_write_simple,40,1024,40,10,3882,38827
1479361002,zlog_batch_write_simple,40,1024,40,10,3834,38347
1479361004,zlog_batch_write_simple,40,1024,40,10,3768,37688
1479361006,zlog_batch_write_simple,40,1024,40,10,3882,38822
1479361008,zlog_batch_write_simple,40,1024,40,10,3861,38617
1479361010,zlog_batch_write_simple,40,1024,40,10,3836,38367
1479361012,zlog_batch_write_simple,40,1024,40,10,3870,38708
1479361014,zlog_batch_write_simple,40,1024,40,10,3853,38533
1479361016,zlog_batch_write_simple,40,1024,40,10,3846,38463
1479361018,zlog_batch_write_simple,40,1024,40,10,3846,38462
1479361020,zlog_batch_write_simple,40,1024,40,10,3857,38573
1479361022,zlog_batch_write_simple,40,1024,40,10,3888,38888
1479361024,zlog_batch_write_simple,40,1024,40,10,3851,38517
1479361026,zlog_batch_write_simple,40,1024,40,10,3822,38228
1479361028,zlog_batch_write_simple,40,1024,40,10,3856,38563
1479361030,zlog_batch_write_simple,40,1024,40,10,3863,38633
1479361032,zlog_batch_write_simple,40,1024,40,10,3802,38023
1479361034,zlog_batch_write_simple,40,1024,40,10,3854,38548
1479361036,zlog_batch_write_simple,40,1024,40,10,3820,38203
1479361038,zlog_batch_write_simple,40,1024,40,10,3837,38378
1479361040,zlog_batch_write_simple,40,1024,40,10,3803,38033
1479361042,zlog_batch_write_simple,40,1024,40,10,3829,38292
1479361044,zlog_batch_write_simple,40,1024,40,10,3885,38854
1479361046,zlog_batch_write_simple,40,1024,40,10,3805,38057
1479361048,zlog_batch_write_simple,40,1024,40,10,3906,39063
1479361050,zlog_batch_write_simple,40,1024,40,10,3867,38673
1479361052,zlog_batch_write_simple,40,1024,40,10,3867,38673
1479361054,zlog_batch_write_simple,40,1024,40,10,3826,38268
1479361056,zlog_batch_write_simple,40,1024,40,10,3855,38553
1479361058,zlog_batch_write_simple,40,1024,40,10,3767,37672
1479361060,zlog_batch_write_simple,40,1024,40,10,3891,38917
1479361062,zlog_batch_write_simple,40,1024,40,10,3832,38327
1479361064,zlog_batch_write_simple,40,1024,40,10,3820,38208
1479361066,zlog_batch_write_simple,40,1024,40,10,3857,38577
1479361068,zlog_batch_write_simple,40,1024,40,10,3851,38517
1479361070,zlog_batch_write_simple,40,1024,40,10,3799,37997
1479361072,zlog_batch_write_simple,40,1024,40,10,3891,38917
1479361074,zlog_batch_write_simple,40,1024,40,10,3848,38482
1479361076,zlog_batch_write_simple,40,1024,40,10,3877,38772
1479361078,zlog_batch_write_simple,40,1024,40,10,3856,38563
1479361080,zlog_batch_write_simple,40,1024,40,10,3874,38743
1479361082,zlog_batch_write_simple,40,1024,40,10,3819,38197
1479361084,zlog_batch_write_simple,40,1024,40,10,3844,38443
1479361086,zlog_batch_write_simple,40,1024,40,10,3862,38623
1479361088,zlog_batch_write_simple,40,1024,40,10,3890,38907
1479361090,zlog_batch_write_simple,40,1024,40,10,3904,39047
1479361092,zlog_batch_write_simple,40,1024,40,10,3853,38537
1479361094,zlog_batch_write_simple,40,1024,40,10,3833,38338
1479361096,zlog_batch_write_simple,40,1024,40,10,3852,38523
1479361098,zlog_batch_write_simple,40,1024,40,10,3855,38553
1479361100,zlog_batch_write_simple,40,1024,40,10,3830,38303
1479361102,zlog_batch_write_simple,40,1024,40,10,3769,37697
1479361104,zlog_batch_write_simple,40,1024,40,10,3689,36898
1479361106,zlog_batch_write_simple,40,1024,40,10,3876,38768
1479361108,zlog_batch_write_simple,40,1024,40,10,3858,38583
1479361110,zlog_batch_write_simple,40,1024,40,10,3787,37878
1479361112,zlog_batch_write_simple,40,1024,40,10,3917,39172
1479361114,zlog_batch_write_simple,40,1024,40,10,3885,38857
1479361116,zlog_batch_write_simple,40,1024,40,10,3884,38843
1479361118,zlog_batch_write_simple,40,1024,40,10,3862,38628
1479361120,zlog_batch_write_simple,40,1024,40,10,3817,38176
1479361122,zlog_batch_write_simple,40,1024,40,10,3756,37562
1479361124,zlog_batch_write_simple,40,1024,40,10,3791,37915
1479361126,zlog_batch_write_simple,40,1024,40,10,3725,37253
1479361128,zlog_batch_write_simple,40,1024,40,10,3807,38077
1479361130,zlog_batch_write_simple,40,1024,40,10,3836,38368
1479361132,zlog_batch_write_simple,40,1024,40,10,3861,38617
1479361134,zlog_batch_write_simple,40,1024,40,10,3873,38733
1479361136,zlog_batch_write_simple,40,1024,40,10,3862,38628
1479361138,zlog_batch_write_simple,40,1024,40,10,3886,38868
1479361140,zlog_batch_write_simple,40,1024,40,10,3831,38318
1479361142,zlog_batch_write_simple,40,1024,40,10,3888,38887
1479361144,zlog_batch_write_simple,40,1024,40,10,3886,38862
1479361146,zlog_batch_write_simple,40,1024,40,10,3793,37937
1479361148,zlog_batch_write_simple,40,1024,40,10,3812,38123
1479361150,zlog_batch_write_simple,40,1024,40,10,3923,39232
1479361152,zlog_batch_write_simple,40,1024,40,10,3800,38007
1479361154,zlog_batch_write_simple,40,1024,40,10,3873,38736
1479361156,zlog_batch_write_simple,40,1024,40,10,3832,38323
1479361158,zlog_batch_write_simple,40,1024,40,10,3850,38508
1479361160,zlog_batch_write_simple,40,1024,40,10,3809,38098
1479361162,zlog_batch_write_simple,40,1024,40,10,3807,38078
1479361164,zlog_batch_write_simple,40,1024,40,10,3799,37993
1479361166,zlog_batch_write_simple,40,1024,40,10,3832,38328
1479361168,zlog_batch_write_simple,40,1024,40,10,3823,38237
1479361170,zlog_batch_write_simple,40,1024,40,10,3773,37736
