time,opname,qdepth,esize,nobjs,batchsize,raw_iops,eff_iops
1479360212,zlog_batch_write_simple,40,1024,40,5,4759,23799
1479360214,zlog_batch_write_simple,40,1024,40,5,6874,34370
1479360216,zlog_batch_write_simple,40,1024,40,5,6863,34318
1479360218,zlog_batch_write_simple,40,1024,40,5,6973,34869
1479360220,zlog_batch_write_simple,40,1024,40,5,6936,34680
1479360222,zlog_batch_write_simple,40,1024,40,5,6913,34565
1479360224,zlog_batch_write_simple,40,1024,40,5,6958,34792
1479360226,zlog_batch_write_simple,40,1024,40,5,7008,35040
1479360228,zlog_batch_write_simple,40,1024,40,5,6958,34790
1479360230,zlog_batch_write_simple,40,1024,40,5,6847,34235
1479360232,zlog_batch_write_simple,40,1024,40,5,6890,34450
1479360234,zlog_batch_write_simple,40,1024,40,5,7047,35235
1479360236,zlog_batch_write_simple,40,1024,40,5,6956,34783
1479360238,zlog_batch_write_simple,40,1024,40,5,6904,34523
1479360240,zlog_batch_write_simple,40,1024,40,5,6988,34940
1479360242,zlog_batch_write_simple,40,1024,40,5,6935,34675
1479360244,zlog_batch_write_simple,40,1024,40,5,6924,34620
1479360246,zlog_batch_write_simple,40,1024,40,5,6855,34275
1479360248,zlog_batch_write_simple,40,1024,40,5,6887,34435
1479360250,zlog_batch_write_simple,40,1024,40,5,6809,34045
1479360252,zlog_batch_write_simple,40,1024,40,5,6809,34046
1479360254,zlog_batch_write_simple,40,1024,40,5,6821,34105
1479360256,zlog_batch_write_simple,40,1024,40,5,6857,34285
1479360258,zlog_batch_write_simple,40,1024,40,5,6854,34270
1479360260,zlog_batch_write_simple,40,1024,40,5,6793,33965
1479360262,zlog_batch_write_simple,40,1024,40,5,6852,34263
1479360264,zlog_batch_write_simple,40,1024,40,5,6756,33783
1479360266,zlog_batch_write_simple,40,1024,40,5,6827,34137
1479360268,zlog_batch_write_simple,40,1024,40,5,6823,34118
1479360270,zlog_batch_write_simple,40,1024,40,5,6687,33435
1479360272,zlog_batch_write_simple,40,1024,40,5,6779,33895
1479360274,zlog_batch_write_simple,40,1024,40,5,6745,33728
1479360276,zlog_batch_write_simple,40,1024,40,5,6743,33715
1479360278,zlog_batch_write_simple,40,1024,40,5,6712,33560
1479360280,zlog_batch_write_simple,40,1024,40,5,6722,33610
1479360282,zlog_batch_write_simple,40,1024,40,5,6698,33490
1479360284,zlog_batch_write_simple,40,1024,40,5,6641,33208
1479360286,zlog_batch_write_simple,40,1024,40,5,6687,33435
1479360288,zlog_batch_write_simple,40,1024,40,5,6657,33285
1479360290,zlog_batch_write_simple,40,1024,40,5,6714,33570
1479360292,zlog_batch_write_simple,40,1024,40,5,6706,33530
1479360294,zlog_batch_write_simple,40,1024,40,5,6610,33050
1479360296,zlog_batch_write_simple,40,1024,40,5,6704,33524
1479360298,zlog_batch_write_simple,40,1024,40,5,6734,33670
1479360300,zlog_batch_write_simple,40,1024,40,5,6675,33375
1479360302,zlog_batch_write_simple,40,1024,40,5,6654,33273
1479360304,zlog_batch_write_simple,40,1024,40,5,6680,33400
1479360306,zlog_batch_write_simple,40,1024,40,5,6655,33278
1479360308,zlog_batch_write_simple,40,1024,40,5,6669,33345
1479360310,zlog_batch_write_simple,40,1024,40,5,6635,33175
1479360312,zlog_batch_write_simple,40,1024,40,5,6720,33602
1479360314,zlog_batch_write_simple,40,1024,40,5,6612,33060
1479360316,zlog_batch_write_simple,40,1024,40,5,6643,33218
1479360318,zlog_batch_write_simple,40,1024,40,5,6698,33490
1479360320,zlog_batch_write_simple,40,1024,40,5,6704,33523
1479360322,zlog_batch_write_simple,40,1024,40,5,6678,33393
1479360324,zlog_batch_write_simple,40,1024,40,5,6687,33435
1479360326,zlog_batch_write_simple,40,1024,40,5,6662,33313
1479360328,zlog_batch_write_simple,40,1024,40,5,6646,33233
1479360330,zlog_batch_write_simple,40,1024,40,5,6686,33433
1479360332,zlog_batch_write_simple,40,1024,40,5,6601,33008
1479360334,zlog_batch_write_simple,40,1024,40,5,6581,32908
1479360336,zlog_batch_write_simple,40,1024,40,5,6668,33340
1479360338,zlog_batch_write_simple,40,1024,40,5,6765,33828
1479360340,zlog_batch_write_simple,40,1024,40,5,6635,33175
1479360342,zlog_batch_write_simple,40,1024,40,5,6670,33350
1479360344,zlog_batch_write_simple,40,1024,40,5,6744,33720
1479360346,zlog_batch_write_simple,40,1024,40,5,6653,33265
1479360348,zlog_batch_write_simple,40,1024,40,5,6634,33170
1479360350,zlog_batch_write_simple,40,1024,40,5,6738,33693
1479360352,zlog_batch_write_simple,40,1024,40,5,6726,33630
1479360354,zlog_batch_write_simple,40,1024,40,5,6616,33083
1479360356,zlog_batch_write_simple,40,1024,40,5,6654,33270
1479360358,zlog_batch_write_simple,40,1024,40,5,6552,32760
1479360360,zlog_batch_write_simple,40,1024,40,5,6630,33153
1479360362,zlog_batch_write_simple,40,1024,40,5,6569,32848
1479360364,zlog_batch_write_simple,40,1024,40,5,6628,33140
1479360366,zlog_batch_write_simple,40,1024,40,5,6725,33625
1479360368,zlog_batch_write_simple,40,1024,40,5,6701,33505
1479360370,zlog_batch_write_simple,40,1024,40,5,6658,33293
1479360372,zlog_batch_write_simple,40,1024,40,5,6664,33320
1479360374,zlog_batch_write_simple,40,1024,40,5,6648,33240
1479360376,zlog_batch_write_simple,40,1024,40,5,6624,33120
1479360378,zlog_batch_write_simple,40,1024,40,5,6534,32670
1479360380,zlog_batch_write_simple,40,1024,40,5,6661,33305
1479360382,zlog_batch_write_simple,40,1024,40,5,6679,33398
1479360384,zlog_batch_write_simple,40,1024,40,5,6685,33428
1479360386,zlog_batch_write_simple,40,1024,40,5,6726,33630
1479360388,zlog_batch_write_simple,40,1024,40,5,6620,33100
1479360390,zlog_batch_write_simple,40,1024,40,5,6651,33255
1479360392,zlog_batch_write_simple,40,1024,40,5,6715,33575
1479360394,zlog_batch_write_simple,40,1024,40,5,6649,33248
1479360396,zlog_batch_write_simple,40,1024,40,5,6695,33478
1479360398,zlog_batch_write_simple,40,1024,40,5,6702,33510
1479360400,zlog_batch_write_simple,40,1024,40,5,6606,33030
1479360402,zlog_batch_write_simple,40,1024,40,5,6615,33078
1479360404,zlog_batch_write_simple,40,1024,40,5,6680,33400
1479360406,zlog_batch_write_simple,40,1024,40,5,6699,33498
1479360408,zlog_batch_write_simple,40,1024,40,5,6710,33550
1479360410,zlog_batch_write_simple,40,1024,40,5,6688,33444
1479360412,zlog_batch_write_simple,40,1024,40,5,6736,33683
1479360414,zlog_batch_write_simple,40,1024,40,5,6539,32697
1479360416,zlog_batch_write_simple,40,1024,40,5,6578,32893
1479360418,zlog_batch_write_simple,40,1024,40,5,6681,33408
1479360420,zlog_batch_write_simple,40,1024,40,5,6661,33305
1479360422,zlog_batch_write_simple,40,1024,40,5,6672,33360
1479360424,zlog_batch_write_simple,40,1024,40,5,6628,33143
1479360426,zlog_batch_write_simple,40,1024,40,5,6625,33125
1479360428,zlog_batch_write_simple,40,1024,40,5,6737,33688
1479360430,zlog_batch_write_simple,40,1024,40,5,6566,32833
1479360432,zlog_batch_write_simple,40,1024,40,5,6618,33093
1479360434,zlog_batch_write_simple,40,1024,40,5,6689,33445
1479360436,zlog_batch_write_simple,40,1024,40,5,6631,33155
1479360438,zlog_batch_write_simple,40,1024,40,5,6672,33363
1479360440,zlog_batch_write_simple,40,1024,40,5,6691,33458
1479360442,zlog_batch_write_simple,40,1024,40,5,6654,33273
1479360444,zlog_batch_write_simple,40,1024,40,5,6706,33530
1479360446,zlog_batch_write_simple,40,1024,40,5,6702,33513
1479360448,zlog_batch_write_simple,40,1024,40,5,6687,33435
1479360450,zlog_batch_write_simple,40,1024,40,5,6655,33275
1479360452,zlog_batch_write_simple,40,1024,40,5,6601,33007
1479360454,zlog_batch_write_simple,40,1024,40,5,6588,32943
1479360456,zlog_batch_write_simple,40,1024,40,5,6598,32993
1479360458,zlog_batch_write_simple,40,1024,40,5,6718,33590
1479360460,zlog_batch_write_simple,40,1024,40,5,6713,33568
1479360462,zlog_batch_write_simple,40,1024,40,5,6679,33395
1479360464,zlog_batch_write_simple,40,1024,40,5,6717,33585
1479360466,zlog_batch_write_simple,40,1024,40,5,6639,33195
1479360468,zlog_batch_write_simple,40,1024,40,5,6618,33090
1479360470,zlog_batch_write_simple,40,1024,40,5,6654,33270
1479360472,zlog_batch_write_simple,40,1024,40,5,6604,33023
1479360474,zlog_batch_write_simple,40,1024,40,5,6747,33735
1479360476,zlog_batch_write_simple,40,1024,40,5,6583,32915
1479360478,zlog_batch_write_simple,40,1024,40,5,6656,33283
1479360480,zlog_batch_write_simple,40,1024,40,5,6686,33430
1479360482,zlog_batch_write_simple,40,1024,40,5,6627,33138
1479360484,zlog_batch_write_simple,40,1024,40,5,6429,32145
1479360486,zlog_batch_write_simple,40,1024,40,5,6596,32983
1479360488,zlog_batch_write_simple,40,1024,40,5,6644,33220
1479360490,zlog_batch_write_simple,40,1024,40,5,6666,33330
1479360492,zlog_batch_write_simple,40,1024,40,5,6692,33463
1479360494,zlog_batch_write_simple,40,1024,40,5,6682,33410
1479360496,zlog_batch_write_simple,40,1024,40,5,6628,33143
1479360498,zlog_batch_write_simple,40,1024,40,5,6729,33645
1479360500,zlog_batch_write_simple,40,1024,40,5,6689,33445
1479360502,zlog_batch_write_simple,40,1024,40,5,6678,33394
1479360504,zlog_batch_write_simple,40,1024,40,5,6596,32983
1479360506,zlog_batch_write_simple,40,1024,40,5,6592,32963
1479360508,zlog_batch_write_simple,40,1024,40,5,6578,32890
