time,opname,qdepth,esize,nobjs,batchsize,raw_iops,eff_iops
1479355577,zlog_batch_write_simple,20,1024,80,1,9354,9354
1479355579,zlog_batch_write_simple,20,1024,80,1,14810,14810
1479355581,zlog_batch_write_simple,20,1024,80,1,14165,14165
1479355583,zlog_batch_write_simple,20,1024,80,1,15063,15063
1479355585,zlog_batch_write_simple,20,1024,80,1,14978,14978
1479355587,zlog_batch_write_simple,20,1024,80,1,14943,14943
1479355589,zlog_batch_write_simple,20,1024,80,1,14735,14735
1479355591,zlog_batch_write_simple,20,1024,80,1,15011,15011
1479355593,zlog_batch_write_simple,20,1024,80,1,14794,14794
1479355595,zlog_batch_write_simple,20,1024,80,1,14689,14689
1479355597,zlog_batch_write_simple,20,1024,80,1,14878,14878
1479355599,zlog_batch_write_simple,20,1024,80,1,14813,14813
1479355601,zlog_batch_write_simple,20,1024,80,1,14768,14768
1479355603,zlog_batch_write_simple,20,1024,80,1,14753,14753
1479355605,zlog_batch_write_simple,20,1024,80,1,14696,14696
1479355607,zlog_batch_write_simple,20,1024,80,1,14829,14829
1479355609,zlog_batch_write_simple,20,1024,80,1,14821,14821
1479355611,zlog_batch_write_simple,20,1024,80,1,14835,14835
1479355613,zlog_batch_write_simple,20,1024,80,1,14673,14673
1479355615,zlog_batch_write_simple,20,1024,80,1,14802,14802
1479355617,zlog_batch_write_simple,20,1024,80,1,14814,14814
1479355619,zlog_batch_write_simple,20,1024,80,1,14811,14811
1479355621,zlog_batch_write_simple,20,1024,80,1,14729,14729
1479355623,zlog_batch_write_simple,20,1024,80,1,14648,14648
1479355625,zlog_batch_write_simple,20,1024,80,1,14794,14794
1479355627,zlog_batch_write_simple,20,1024,80,1,14885,14885
1479355629,zlog_batch_write_simple,20,1024,80,1,14721,14721
1479355631,zlog_batch_write_simple,20,1024,80,1,14762,14762
1479355633,zlog_batch_write_simple,20,1024,80,1,13772,13772
1479355635,zlog_batch_write_simple,20,1024,80,1,14862,14862
1479355637,zlog_batch_write_simple,20,1024,80,1,14959,14959
1479355639,zlog_batch_write_simple,20,1024,80,1,14640,14640
1479355641,zlog_batch_write_simple,20,1024,80,1,14948,14948
1479355643,zlog_batch_write_simple,20,1024,80,1,14642,14642
1479355645,zlog_batch_write_simple,20,1024,80,1,14849,14849
1479355647,zlog_batch_write_simple,20,1024,80,1,14941,14941
1479355649,zlog_batch_write_simple,20,1024,80,1,14751,14751
1479355651,zlog_batch_write_simple,20,1024,80,1,14928,14928
1479355653,zlog_batch_write_simple,20,1024,80,1,14613,14613
1479355655,zlog_batch_write_simple,20,1024,80,1,14826,14826
1479355657,zlog_batch_write_simple,20,1024,80,1,14793,14793
1479355659,zlog_batch_write_simple,20,1024,80,1,14874,14874
1479355661,zlog_batch_write_simple,20,1024,80,1,14696,14696
1479355663,zlog_batch_write_simple,20,1024,80,1,14619,14619
1479355665,zlog_batch_write_simple,20,1024,80,1,14639,14639
1479355667,zlog_batch_write_simple,20,1024,80,1,14913,14913
1479355669,zlog_batch_write_simple,20,1024,80,1,14774,14774
1479355671,zlog_batch_write_simple,20,1024,80,1,14787,14787
1479355673,zlog_batch_write_simple,20,1024,80,1,14204,14204
1479355675,zlog_batch_write_simple,20,1024,80,1,14672,14672
1479355677,zlog_batch_write_simple,20,1024,80,1,14775,14775
1479355679,zlog_batch_write_simple,20,1024,80,1,14808,14808
1479355681,zlog_batch_write_simple,20,1024,80,1,14893,14893
1479355683,zlog_batch_write_simple,20,1024,80,1,14670,14670
1479355685,zlog_batch_write_simple,20,1024,80,1,14764,14764
1479355687,zlog_batch_write_simple,20,1024,80,1,14540,14540
1479355689,zlog_batch_write_simple,20,1024,80,1,14781,14781
1479355691,zlog_batch_write_simple,20,1024,80,1,14924,14924
1479355693,zlog_batch_write_simple,20,1024,80,1,14753,14753
1479355695,zlog_batch_write_simple,20,1024,80,1,14799,14799
1479355697,zlog_batch_write_simple,20,1024,80,1,14744,14744
1479355699,zlog_batch_write_simple,20,1024,80,1,14724,14724
1479355701,zlog_batch_write_simple,20,1024,80,1,14905,14905
1479355703,zlog_batch_write_simple,20,1024,80,1,14495,14495
1479355705,zlog_batch_write_simple,20,1024,80,1,14393,14393
1479355707,zlog_batch_write_simple,20,1024,80,1,14932,14932
1479355709,zlog_batch_write_simple,20,1024,80,1,14705,14705
1479355711,zlog_batch_write_simple,20,1024,80,1,14580,14580
1479355713,zlog_batch_write_simple,20,1024,80,1,14283,14283
1479355715,zlog_batch_write_simple,20,1024,80,1,14249,14249
1479355717,zlog_batch_write_simple,20,1024,80,1,14753,14753
1479355719,zlog_batch_write_simple,20,1024,80,1,14678,14678
1479355721,zlog_batch_write_simple,20,1024,80,1,14846,14846
1479355723,zlog_batch_write_simple,20,1024,80,1,14649,14649
1479355725,zlog_batch_write_simple,20,1024,80,1,14434,14434
1479355727,zlog_batch_write_simple,20,1024,80,1,14812,14812
1479355729,zlog_batch_write_simple,20,1024,80,1,14989,14989
1479355731,zlog_batch_write_simple,20,1024,80,1,14652,14652
1479355733,zlog_batch_write_simple,20,1024,80,1,14856,14856
1479355735,zlog_batch_write_simple,20,1024,80,1,14492,14492
1479355737,zlog_batch_write_simple,20,1024,80,1,14575,14575
1479355739,zlog_batch_write_simple,20,1024,80,1,14728,14728
1479355741,zlog_batch_write_simple,20,1024,80,1,14824,14824
1479355743,zlog_batch_write_simple,20,1024,80,1,14749,14749
1479355745,zlog_batch_write_simple,20,1024,80,1,14701,14701
1479355747,zlog_batch_write_simple,20,1024,80,1,14660,14660
1479355749,zlog_batch_write_simple,20,1024,80,1,14828,14828
1479355751,zlog_batch_write_simple,20,1024,80,1,14574,14574
1479355753,zlog_batch_write_simple,20,1024,80,1,14406,14406
1479355755,zlog_batch_write_simple,20,1024,80,1,14646,14646
1479355757,zlog_batch_write_simple,20,1024,80,1,14682,14682
1479355759,zlog_batch_write_simple,20,1024,80,1,14677,14677
1479355761,zlog_batch_write_simple,20,1024,80,1,14779,14779
1479355763,zlog_batch_write_simple,20,1024,80,1,14777,14777
1479355765,zlog_batch_write_simple,20,1024,80,1,14818,14818
1479355767,zlog_batch_write_simple,20,1024,80,1,14776,14776
1479355769,zlog_batch_write_simple,20,1024,80,1,14781,14781
1479355771,zlog_batch_write_simple,20,1024,80,1,14310,14310
1479355773,zlog_batch_write_simple,20,1024,80,1,14790,14790
1479355775,zlog_batch_write_simple,20,1024,80,1,14572,14572
1479355777,zlog_batch_write_simple,20,1024,80,1,14727,14727
1479355779,zlog_batch_write_simple,20,1024,80,1,14507,14507
1479355781,zlog_batch_write_simple,20,1024,80,1,14507,14507
1479355783,zlog_batch_write_simple,20,1024,80,1,14513,14513
1479355785,zlog_batch_write_simple,20,1024,80,1,14652,14652
1479355787,zlog_batch_write_simple,20,1024,80,1,14706,14706
1479355789,zlog_batch_write_simple,20,1024,80,1,14650,14650
1479355791,zlog_batch_write_simple,20,1024,80,1,14534,14534
1479355793,zlog_batch_write_simple,20,1024,80,1,14916,14916
1479355795,zlog_batch_write_simple,20,1024,80,1,14899,14899
1479355797,zlog_batch_write_simple,20,1024,80,1,14804,14804
1479355799,zlog_batch_write_simple,20,1024,80,1,14731,14731
1479355801,zlog_batch_write_simple,20,1024,80,1,14888,14888
1479355803,zlog_batch_write_simple,20,1024,80,1,14709,14709
1479355805,zlog_batch_write_simple,20,1024,80,1,14828,14828
1479355807,zlog_batch_write_simple,20,1024,80,1,14632,14632
1479355809,zlog_batch_write_simple,20,1024,80,1,14801,14801
1479355811,zlog_batch_write_simple,20,1024,80,1,14617,14617
1479355813,zlog_batch_write_simple,20,1024,80,1,14787,14787
1479355815,zlog_batch_write_simple,20,1024,80,1,14676,14676
1479355817,zlog_batch_write_simple,20,1024,80,1,14557,14557
1479355819,zlog_batch_write_simple,20,1024,80,1,14579,14579
1479355821,zlog_batch_write_simple,20,1024,80,1,14868,14868
1479355823,zlog_batch_write_simple,20,1024,80,1,14902,14902
1479355825,zlog_batch_write_simple,20,1024,80,1,14756,14756
1479355827,zlog_batch_write_simple,20,1024,80,1,14919,14919
1479355829,zlog_batch_write_simple,20,1024,80,1,14598,14598
1479355831,zlog_batch_write_simple,20,1024,80,1,14931,14931
1479355833,zlog_batch_write_simple,20,1024,80,1,14675,14675
1479355835,zlog_batch_write_simple,20,1024,80,1,14765,14765
1479355837,zlog_batch_write_simple,20,1024,80,1,14697,14697
1479355839,zlog_batch_write_simple,20,1024,80,1,14867,14867
1479355841,zlog_batch_write_simple,20,1024,80,1,14536,14536
1479355843,zlog_batch_write_simple,20,1024,80,1,14631,14631
1479355845,zlog_batch_write_simple,20,1024,80,1,14689,14689
1479355847,zlog_batch_write_simple,20,1024,80,1,14717,14717
1479355849,zlog_batch_write_simple,20,1024,80,1,14546,14546
1479355851,zlog_batch_write_simple,20,1024,80,1,14616,14616
1479355853,zlog_batch_write_simple,20,1024,80,1,14787,14787
1479355855,zlog_batch_write_simple,20,1024,80,1,14902,14902
1479355857,zlog_batch_write_simple,20,1024,80,1,14815,14815
1479355859,zlog_batch_write_simple,20,1024,80,1,14627,14627
1479355861,zlog_batch_write_simple,20,1024,80,1,15033,15033
1479355863,zlog_batch_write_simple,20,1024,80,1,14542,14542
1479355865,zlog_batch_write_simple,20,1024,80,1,14710,14710
1479355867,zlog_batch_write_simple,20,1024,80,1,14514,14514
1479355869,zlog_batch_write_simple,20,1024,80,1,14787,14787
1479355871,zlog_batch_write_simple,20,1024,80,1,14858,14858
1479355873,zlog_batch_write_simple,20,1024,80,1,14627,14627
