time,opname,qdepth,esize,nobjs,batchsize,raw_iops,eff_iops
1479363161,zlog_batch_write_batch,40,1024,80,10,0,0
1479363163,zlog_batch_write_batch,40,1024,80,10,0,0
1479363165,zlog_batch_write_batch,40,1024,80,10,0,0
1479363167,zlog_batch_write_batch,40,1024,80,10,0,0
1479363169,zlog_batch_write_batch,40,1024,80,10,0,0
1479363171,zlog_batch_write_batch,40,1024,80,10,0,0
1479363173,zlog_batch_write_batch,40,1024,80,10,0,0
1479363175,zlog_batch_write_batch,40,1024,80,10,0,0
1479363177,zlog_batch_write_batch,40,1024,80,10,0,0
1479363179,zlog_batch_write_batch,40,1024,80,10,0,0
1479363181,zlog_batch_write_batch,40,1024,80,10,0,0
1479363183,zlog_batch_write_batch,40,1024,80,10,0,0
1479363185,zlog_batch_write_batch,40,1024,80,10,7520,75201
1479363187,zlog_batch_write_batch,40,1024,80,10,5940,59406
1479363189,zlog_batch_write_batch,40,1024,80,10,11209,112099
1479363191,zlog_batch_write_batch,40,1024,80,10,11356,113562
1479363193,zlog_batch_write_batch,40,1024,80,10,11308,113083
1479363195,zlog_batch_write_batch,40,1024,80,10,8961,89610
1479363197,zlog_batch_write_batch,40,1024,80,10,11135,111353
1479363199,zlog_batch_write_batch,40,1024,80,10,11161,111613
1479363201,zlog_batch_write_batch,40,1024,80,10,11270,112703
1479363203,zlog_batch_write_batch,40,1024,80,10,11228,112283
1479363205,zlog_batch_write_batch,40,1024,80,10,11295,112959
1479363207,zlog_batch_write_batch,40,1024,80,10,10954,109544
1479363209,zlog_batch_write_batch,40,1024,80,10,11209,112093
1479363211,zlog_batch_write_batch,40,1024,80,10,11228,112283
1479363213,zlog_batch_write_batch,40,1024,80,10,10522,105223
1479363215,zlog_batch_write_batch,40,1024,80,10,11185,111854
1479363217,zlog_batch_write_batch,40,1024,80,10,11568,115684
1479363219,zlog_batch_write_batch,40,1024,80,10,9129,91290
1479363221,zlog_batch_write_batch,40,1024,80,10,11372,113724
1479363223,zlog_batch_write_batch,40,1024,80,10,11403,114033
1479363225,zlog_batch_write_batch,40,1024,80,10,8795,87959
1479363227,zlog_batch_write_batch,40,1024,80,10,11483,114833
1479363229,zlog_batch_write_batch,40,1024,80,10,11503,115033
1479363231,zlog_batch_write_batch,40,1024,80,10,9345,93455
1479363233,zlog_batch_write_batch,40,1024,80,10,11295,112959
1479363235,zlog_batch_write_batch,40,1024,80,10,11404,114043
1479363237,zlog_batch_write_batch,40,1024,80,10,9285,92850
1479363239,zlog_batch_write_batch,40,1024,80,10,11416,114164
1479363241,zlog_batch_write_batch,40,1024,80,10,11287,112873
1479363243,zlog_batch_write_batch,40,1024,80,10,10577,105773
1479363245,zlog_batch_write_batch,40,1024,80,10,11343,113439
1479363247,zlog_batch_write_batch,40,1024,80,10,11178,111783
1479363249,zlog_batch_write_batch,40,1024,80,10,8987,89874
1479363251,zlog_batch_write_batch,40,1024,80,10,11286,112868
1479363253,zlog_batch_write_batch,40,1024,80,10,11325,113258
1479363255,zlog_batch_write_batch,40,1024,80,10,10769,107698
1479363257,zlog_batch_write_batch,40,1024,80,10,11328,113289
1479363259,zlog_batch_write_batch,40,1024,80,10,11254,112549
1479363261,zlog_batch_write_batch,40,1024,80,10,8545,85450
1479363263,zlog_batch_write_batch,40,1024,80,10,11140,111404
1479363265,zlog_batch_write_batch,40,1024,80,10,11273,112739
1479363267,zlog_batch_write_batch,40,1024,80,10,11269,112693
1479363269,zlog_batch_write_batch,40,1024,80,10,11388,113883
1479363271,zlog_batch_write_batch,40,1024,80,10,11369,113694
1479363273,zlog_batch_write_batch,40,1024,80,10,10376,103769
1479363275,zlog_batch_write_batch,40,1024,80,10,11170,111703
1479363277,zlog_batch_write_batch,40,1024,80,10,10113,101139
1479363279,zlog_batch_write_batch,40,1024,80,10,10858,108589
1479363281,zlog_batch_write_batch,40,1024,80,10,11349,113497
1479363283,zlog_batch_write_batch,40,1024,80,10,10795,107954
1479363285,zlog_batch_write_batch,40,1024,80,10,9960,99602
1479363287,zlog_batch_write_batch,40,1024,80,10,11181,111819
1479363289,zlog_batch_write_batch,40,1024,80,10,9470,94703
1479363291,zlog_batch_write_batch,40,1024,80,10,11307,113074
1479363293,zlog_batch_write_batch,40,1024,80,10,11361,113614
1479363295,zlog_batch_write_batch,40,1024,80,10,11110,111103
1479363297,zlog_batch_write_batch,40,1024,80,10,11309,113093
1479363299,zlog_batch_write_batch,40,1024,80,10,11413,114136
1479363301,zlog_batch_write_batch,40,1024,80,10,9642,96429
1479363303,zlog_batch_write_batch,40,1024,80,10,11197,111973
1479363305,zlog_batch_write_batch,40,1024,80,10,11239,112399
1479363307,zlog_batch_write_batch,40,1024,80,10,10291,102919
1479363309,zlog_batch_write_batch,40,1024,80,10,11338,113382
1479363311,zlog_batch_write_batch,40,1024,80,10,11175,111756
1479363313,zlog_batch_write_batch,40,1024,80,10,9188,91889
1479363315,zlog_batch_write_batch,40,1024,80,10,11273,112738
1479363317,zlog_batch_write_batch,40,1024,80,10,11127,111278
1479363319,zlog_batch_write_batch,40,1024,80,10,8849,88499
1479363321,zlog_batch_write_batch,40,1024,80,10,11011,110112
1479363323,zlog_batch_write_batch,40,1024,80,10,11190,111903
1479363325,zlog_batch_write_batch,40,1024,80,10,10654,106549
1479363327,zlog_batch_write_batch,40,1024,80,10,11209,112094
1479363329,zlog_batch_write_batch,40,1024,80,10,11359,113599
1479363331,zlog_batch_write_batch,40,1024,80,10,8876,88760
1479363333,zlog_batch_write_batch,40,1024,80,10,11194,111944
1479363335,zlog_batch_write_batch,40,1024,80,10,11137,111374
1479363337,zlog_batch_write_batch,40,1024,80,10,7326,73266
1479363339,zlog_batch_write_batch,40,1024,80,10,11222,112229
1479363341,zlog_batch_write_batch,40,1024,80,10,10680,106804
1479363343,zlog_batch_write_batch,40,1024,80,10,10309,103092
1479363345,zlog_batch_write_batch,40,1024,80,10,11130,111309
1479363347,zlog_batch_write_batch,40,1024,80,10,11218,112184
1479363349,zlog_batch_write_batch,40,1024,80,10,11094,110949
1479363351,zlog_batch_write_batch,40,1024,80,10,11135,111359
1479363353,zlog_batch_write_batch,40,1024,80,10,11117,111178
1479363355,zlog_batch_write_batch,40,1024,80,10,9771,97719
1479363357,zlog_batch_write_batch,40,1024,80,10,11071,110714
1479363359,zlog_batch_write_batch,40,1024,80,10,11283,112839
1479363361,zlog_batch_write_batch,40,1024,80,10,8237,82375
1479363363,zlog_batch_write_batch,40,1024,80,10,10751,107514
1479363365,zlog_batch_write_batch,40,1024,80,10,10632,106324
1479363367,zlog_batch_write_batch,40,1024,80,10,10443,104434
1479363369,zlog_batch_write_batch,40,1024,80,10,11356,113569
1479363371,zlog_batch_write_batch,40,1024,80,10,9143,91435
1479363373,zlog_batch_write_batch,40,1024,80,10,10926,109267
1479363375,zlog_batch_write_batch,40,1024,80,10,10899,108999
1479363377,zlog_batch_write_batch,40,1024,80,10,10298,102989
1479363379,zlog_batch_write_batch,40,1024,80,10,9325,93255
1479363381,zlog_batch_write_batch,40,1024,80,10,10529,105295
1479363383,zlog_batch_write_batch,40,1024,80,10,10469,104699
1479363385,zlog_batch_write_batch,40,1024,80,10,10858,108584
1479363387,zlog_batch_write_batch,40,1024,80,10,11318,113189
1479363389,zlog_batch_write_batch,40,1024,80,10,11129,111299
1479363391,zlog_batch_write_batch,40,1024,80,10,7269,72691
1479363393,zlog_batch_write_batch,40,1024,80,10,11224,112248
1479363395,zlog_batch_write_batch,40,1024,80,10,9119,91195
1479363397,zlog_batch_write_batch,40,1024,80,10,10012,100124
1479363399,zlog_batch_write_batch,40,1024,80,10,8133,81330
1479363401,zlog_batch_write_batch,40,1024,80,10,10677,106774
1479363403,zlog_batch_write_batch,40,1024,80,10,9262,92625
1479363405,zlog_batch_write_batch,40,1024,80,10,9848,98485
1479363407,zlog_batch_write_batch,40,1024,80,10,10059,100599
1479363409,zlog_batch_write_batch,40,1024,80,10,9294,92940
1479363411,zlog_batch_write_batch,40,1024,80,10,11134,111349
1479363413,zlog_batch_write_batch,40,1024,80,10,11019,110194
1479363415,zlog_batch_write_batch,40,1024,80,10,9758,97585
1479363417,zlog_batch_write_batch,40,1024,80,10,9573,95739
1479363419,zlog_batch_write_batch,40,1024,80,10,9647,96470
1479363421,zlog_batch_write_batch,40,1024,80,10,7568,75686
1479363423,zlog_batch_write_batch,40,1024,80,10,11182,111822
1479363425,zlog_batch_write_batch,40,1024,80,10,7990,79905
1479363427,zlog_batch_write_batch,40,1024,80,10,10963,109639
1479363429,zlog_batch_write_batch,40,1024,80,10,11199,111994
1479363431,zlog_batch_write_batch,40,1024,80,10,9791,97915
1479363433,zlog_batch_write_batch,40,1024,80,10,8532,85320
1479363435,zlog_batch_write_batch,40,1024,80,10,11288,112884
1479363437,zlog_batch_write_batch,40,1024,80,10,8671,86710
1479363439,zlog_batch_write_batch,40,1024,80,10,9325,93253
1479363441,zlog_batch_write_batch,40,1024,80,10,11398,113989
1479363443,zlog_batch_write_batch,40,1024,80,10,6115,61151
1479363445,zlog_batch_write_batch,40,1024,80,10,11331,113313
1479363447,zlog_batch_write_batch,40,1024,80,10,8659,86595
1479363449,zlog_batch_write_batch,40,1024,80,10,11064,110641
1479363451,zlog_batch_write_batch,40,1024,80,10,9532,95320
1479363453,zlog_batch_write_batch,40,1024,80,10,8362,83625
1479363455,zlog_batch_write_batch,40,1024,80,10,9360,93600
1479363457,zlog_batch_write_batch,40,1024,80,10,9284,92844
