time,opname,qdepth,esize,nobjs,batchsize,raw_iops,eff_iops
1479356901,zlog_batch_write_simple,20,1024,80,10,2808,28089
1479356903,zlog_batch_write_simple,20,1024,80,10,3985,39857
1479356905,zlog_batch_write_simple,20,1024,80,10,4031,40312
1479356907,zlog_batch_write_simple,20,1024,80,10,4086,40867
1479356909,zlog_batch_write_simple,20,1024,80,10,3796,37967
1479356911,zlog_batch_write_simple,20,1024,80,10,4116,41163
1479356913,zlog_batch_write_simple,20,1024,80,10,4059,40592
1479356915,zlog_batch_write_simple,20,1024,80,10,4067,40677
1479356917,zlog_batch_write_simple,20,1024,80,10,4074,40747
1479356919,zlog_batch_write_simple,20,1024,80,10,4097,40972
1479356921,zlog_batch_write_simple,20,1024,80,10,4117,41172
1479356923,zlog_batch_write_simple,20,1024,80,10,4009,40097
1479356925,zlog_batch_write_simple,20,1024,80,10,4001,40018
1479356927,zlog_batch_write_simple,20,1024,80,10,4061,40612
1479356929,zlog_batch_write_simple,20,1024,80,10,4026,40267
1479356931,zlog_batch_write_simple,20,1024,80,10,4092,40927
1479356933,zlog_batch_write_simple,20,1024,80,10,4040,40407
1479356935,zlog_batch_write_simple,20,1024,80,10,4006,40067
1479356937,zlog_batch_write_simple,20,1024,80,10,4026,40267
1479356939,zlog_batch_write_simple,20,1024,80,10,4025,40252
1479356941,zlog_batch_write_simple,20,1024,80,10,4033,40337
1479356943,zlog_batch_write_simple,20,1024,80,10,3989,39897
1479356945,zlog_batch_write_simple,20,1024,80,10,3992,39927
1479356947,zlog_batch_write_simple,20,1024,80,10,3991,39912
1479356949,zlog_batch_write_simple,20,1024,80,10,3944,39447
1479356951,zlog_batch_write_simple,20,1024,80,10,3689,36892
1479356953,zlog_batch_write_simple,20,1024,80,10,3995,39952
1479356955,zlog_batch_write_simple,20,1024,80,10,3984,39842
1479356957,zlog_batch_write_simple,20,1024,80,10,3917,39172
1479356959,zlog_batch_write_simple,20,1024,80,10,3950,39503
1479356961,zlog_batch_write_simple,20,1024,80,10,3912,39122
1479356963,zlog_batch_write_simple,20,1024,80,10,3909,39092
1479356965,zlog_batch_write_simple,20,1024,80,10,3909,39092
1479356967,zlog_batch_write_simple,20,1024,80,10,3916,39167
1479356969,zlog_batch_write_simple,20,1024,80,10,3931,39312
1479356971,zlog_batch_write_simple,20,1024,80,10,3874,38748
1479356973,zlog_batch_write_simple,20,1024,80,10,3897,38977
1479356975,zlog_batch_write_simple,20,1024,80,10,3925,39252
1479356977,zlog_batch_write_simple,20,1024,80,10,3853,38530
1479356979,zlog_batch_write_simple,20,1024,80,10,3874,38742
1479356981,zlog_batch_write_simple,20,1024,80,10,3835,38353
1479356983,zlog_batch_write_simple,20,1024,80,10,3848,38482
1479356985,zlog_batch_write_simple,20,1024,80,10,3819,38198
1479356987,zlog_batch_write_simple,20,1024,80,10,3835,38357
1479356989,zlog_batch_write_simple,20,1024,80,10,3850,38502
1479356991,zlog_batch_write_simple,20,1024,80,10,3825,38252
1479356993,zlog_batch_write_simple,20,1024,80,10,3820,38207
1479356995,zlog_batch_write_simple,20,1024,80,10,3828,38287
1479356997,zlog_batch_write_simple,20,1024,80,10,3914,39146
1479356999,zlog_batch_write_simple,20,1024,80,10,3862,38627
1479357001,zlog_batch_write_simple,20,1024,80,10,3821,38212
1479357003,zlog_batch_write_simple,20,1024,80,10,3803,38032
1479357005,zlog_batch_write_simple,20,1024,80,10,3690,36907
1479357007,zlog_batch_write_simple,20,1024,80,10,3879,38797
1479357009,zlog_batch_write_simple,20,1024,80,10,3884,38847
1479357011,zlog_batch_write_simple,20,1024,80,10,3889,38898
1479357013,zlog_batch_write_simple,20,1024,80,10,3845,38457
1479357015,zlog_batch_write_simple,20,1024,80,10,3646,36462
1479357017,zlog_batch_write_simple,20,1024,80,10,3864,38642
1479357019,zlog_batch_write_simple,20,1024,80,10,3836,38362
1479357021,zlog_batch_write_simple,20,1024,80,10,3846,38467
1479357023,zlog_batch_write_simple,20,1024,80,10,3885,38857
1479357025,zlog_batch_write_simple,20,1024,80,10,3853,38532
1479357027,zlog_batch_write_simple,20,1024,80,10,3831,38317
1479357029,zlog_batch_write_simple,20,1024,80,10,3807,38077
1479357031,zlog_batch_write_simple,20,1024,80,10,3856,38567
1479357033,zlog_batch_write_simple,20,1024,80,10,3821,38217
1479357035,zlog_batch_write_simple,20,1024,80,10,3834,38346
1479357037,zlog_batch_write_simple,20,1024,80,10,3849,38497
1479357039,zlog_batch_write_simple,20,1024,80,10,3885,38857
1479357041,zlog_batch_write_simple,20,1024,80,10,3857,38571
1479357043,zlog_batch_write_simple,20,1024,80,10,3892,38927
1479357045,zlog_batch_write_simple,20,1024,80,10,3885,38858
1479357047,zlog_batch_write_simple,20,1024,80,10,3840,38408
1479357049,zlog_batch_write_simple,20,1024,80,10,3867,38677
1479357051,zlog_batch_write_simple,20,1024,80,10,3858,38587
1479357053,zlog_batch_write_simple,20,1024,80,10,3849,38492
1479357055,zlog_batch_write_simple,20,1024,80,10,3843,38430
1479357057,zlog_batch_write_simple,20,1024,80,10,3779,37797
1479357059,zlog_batch_write_simple,20,1024,80,10,3866,38667
1479357061,zlog_batch_write_simple,20,1024,80,10,3856,38567
1479357063,zlog_batch_write_simple,20,1024,80,10,3859,38598
1479357065,zlog_batch_write_simple,20,1024,80,10,3839,38398
1479357067,zlog_batch_write_simple,20,1024,80,10,3831,38312
1479357069,zlog_batch_write_simple,20,1024,80,10,3837,38377
1479357071,zlog_batch_write_simple,20,1024,80,10,3897,38972
1479357073,zlog_batch_write_simple,20,1024,80,10,3819,38197
1479357075,zlog_batch_write_simple,20,1024,80,10,3813,38138
1479357077,zlog_batch_write_simple,20,1024,80,10,3865,38652
1479357079,zlog_batch_write_simple,20,1024,80,10,3810,38108
1479357081,zlog_batch_write_simple,20,1024,80,10,3900,39007
1479357083,zlog_batch_write_simple,20,1024,80,10,3848,38482
1479357085,zlog_batch_write_simple,20,1024,80,10,3840,38407
1479357087,zlog_batch_write_simple,20,1024,80,10,3780,37802
1479357089,zlog_batch_write_simple,20,1024,80,10,3760,37607
1479357091,zlog_batch_write_simple,20,1024,80,10,3866,38662
1479357093,zlog_batch_write_simple,20,1024,80,10,3860,38607
1479357095,zlog_batch_write_simple,20,1024,80,10,3852,38522
1479357097,zlog_batch_write_simple,20,1024,80,10,3821,38213
1479357099,zlog_batch_write_simple,20,1024,80,10,3858,38587
1479357101,zlog_batch_write_simple,20,1024,80,10,3893,38933
1479357103,zlog_batch_write_simple,20,1024,80,10,3858,38587
1479357105,zlog_batch_write_simple,20,1024,80,10,3865,38657
1479357107,zlog_batch_write_simple,20,1024,80,10,3846,38467
1479357109,zlog_batch_write_simple,20,1024,80,10,3756,37568
1479357111,zlog_batch_write_simple,20,1024,80,10,3767,37678
1479357113,zlog_batch_write_simple,20,1024,80,10,3838,38387
1479357115,zlog_batch_write_simple,20,1024,80,10,3833,38337
1479357117,zlog_batch_write_simple,20,1024,80,10,3811,38118
1479357119,zlog_batch_write_simple,20,1024,80,10,3829,38292
1479357121,zlog_batch_write_simple,20,1024,80,10,3860,38603
1479357123,zlog_batch_write_simple,20,1024,80,10,3859,38596
1479357125,zlog_batch_write_simple,20,1024,80,10,3850,38502
1479357127,zlog_batch_write_simple,20,1024,80,10,3840,38408
1479357129,zlog_batch_write_simple,20,1024,80,10,3745,37452
1479357131,zlog_batch_write_simple,20,1024,80,10,3722,37222
1479357133,zlog_batch_write_simple,20,1024,80,10,3722,37223
1479357135,zlog_batch_write_simple,20,1024,80,10,3754,37543
1479357137,zlog_batch_write_simple,20,1024,80,10,3820,38203
1479357139,zlog_batch_write_simple,20,1024,80,10,3860,38603
1479357141,zlog_batch_write_simple,20,1024,80,10,3900,39002
1479357143,zlog_batch_write_simple,20,1024,80,10,3836,38368
1479357145,zlog_batch_write_simple,20,1024,80,10,3784,37843
1479357147,zlog_batch_write_simple,20,1024,80,10,3755,37553
1479357149,zlog_batch_write_simple,20,1024,80,10,3729,37296
1479357151,zlog_batch_write_simple,20,1024,80,10,3795,37957
1479357153,zlog_batch_write_simple,20,1024,80,10,3777,37777
1479357155,zlog_batch_write_simple,20,1024,80,10,3895,38952
1479357157,zlog_batch_write_simple,20,1024,80,10,3830,38307
1479357159,zlog_batch_write_simple,20,1024,80,10,3851,38517
1479357161,zlog_batch_write_simple,20,1024,80,10,3816,38162
1479357163,zlog_batch_write_simple,20,1024,80,10,3833,38332
1479357165,zlog_batch_write_simple,20,1024,80,10,3831,38312
1479357167,zlog_batch_write_simple,20,1024,80,10,3804,38042
1479357169,zlog_batch_write_simple,20,1024,80,10,3791,37912
1479357171,zlog_batch_write_simple,20,1024,80,10,3834,38347
1479357173,zlog_batch_write_simple,20,1024,80,10,3845,38457
1479357175,zlog_batch_write_simple,20,1024,80,10,3791,37917
1479357177,zlog_batch_write_simple,20,1024,80,10,3790,37903
1479357179,zlog_batch_write_simple,20,1024,80,10,3808,38088
1479357181,zlog_batch_write_simple,20,1024,80,10,3810,38107
1479357183,zlog_batch_write_simple,20,1024,80,10,3864,38642
1479357185,zlog_batch_write_simple,20,1024,80,10,3838,38387
1479357187,zlog_batch_write_simple,20,1024,80,10,3865,38652
1479357189,zlog_batch_write_simple,20,1024,80,10,3791,37912
1479357191,zlog_batch_write_simple,20,1024,80,10,3883,38832
1479357193,zlog_batch_write_simple,20,1024,80,10,3790,37903
1479357195,zlog_batch_write_simple,20,1024,80,10,3755,37558
1479357197,zlog_batch_write_simple,20,1024,80,10,3813,38133
