time,opname,qdepth,esize,nobjs,batchsize,raw_iops,eff_iops
1479361175,zlog_batch_write_batch,40,1024,40,10,0,0
1479361177,zlog_batch_write_batch,40,1024,40,10,0,0
1479361179,zlog_batch_write_batch,40,1024,40,10,0,0
1479361181,zlog_batch_write_batch,40,1024,40,10,0,0
1479361183,zlog_batch_write_batch,40,1024,40,10,0,0
1479361185,zlog_batch_write_batch,40,1024,40,10,0,0
1479361187,zlog_batch_write_batch,40,1024,40,10,0,0
1479361189,zlog_batch_write_batch,40,1024,40,10,0,0
1479361191,zlog_batch_write_batch,40,1024,40,10,1311,13114
1479361193,zlog_batch_write_batch,40,1024,40,10,7026,70266
1479361195,zlog_batch_write_batch,40,1024,40,10,10070,100704
1479361197,zlog_batch_write_batch,40,1024,40,10,10825,108254
1479361199,zlog_batch_write_batch,40,1024,40,10,11316,113163
1479361201,zlog_batch_write_batch,40,1024,40,10,11243,112431
1479361203,zlog_batch_write_batch,40,1024,40,10,10899,108993
1479361205,zlog_batch_write_batch,40,1024,40,10,11348,113484
1479361207,zlog_batch_write_batch,40,1024,40,10,11328,113283
1479361209,zlog_batch_write_batch,40,1024,40,10,11088,110883
1479361211,zlog_batch_write_batch,40,1024,40,10,11261,112619
1479361213,zlog_batch_write_batch,40,1024,40,10,11276,112763
1479361215,zlog_batch_write_batch,40,1024,40,10,10759,107593
1479361217,zlog_batch_write_batch,40,1024,40,10,11395,113953
1479361219,zlog_batch_write_batch,40,1024,40,10,11236,112369
1479361221,zlog_batch_write_batch,40,1024,40,10,9193,91935
1479361223,zlog_batch_write_batch,40,1024,40,10,11281,112818
1479361225,zlog_batch_write_batch,40,1024,40,10,11324,113249
1479361227,zlog_batch_write_batch,40,1024,40,10,10886,108869
1479361229,zlog_batch_write_batch,40,1024,40,10,11353,113534
1479361231,zlog_batch_write_batch,40,1024,40,10,11341,113419
1479361233,zlog_batch_write_batch,40,1024,40,10,10588,105889
1479361235,zlog_batch_write_batch,40,1024,40,10,11425,114259
1479361237,zlog_batch_write_batch,40,1024,40,10,11282,112829
1479361239,zlog_batch_write_batch,40,1024,40,10,10059,100594
1479361241,zlog_batch_write_batch,40,1024,40,10,11195,111954
1479361243,zlog_batch_write_batch,40,1024,40,10,10236,102369
1479361245,zlog_batch_write_batch,40,1024,40,10,10622,106221
1479361247,zlog_batch_write_batch,40,1024,40,10,11478,114784
1479361249,zlog_batch_write_batch,40,1024,40,10,10860,108608
1479361251,zlog_batch_write_batch,40,1024,40,10,11172,111723
1479361253,zlog_batch_write_batch,40,1024,40,10,11348,113483
1479361255,zlog_batch_write_batch,40,1024,40,10,11150,111504
1479361257,zlog_batch_write_batch,40,1024,40,10,11268,112683
1479361259,zlog_batch_write_batch,40,1024,40,10,11397,113974
1479361261,zlog_batch_write_batch,40,1024,40,10,8647,86470
1479361263,zlog_batch_write_batch,40,1024,40,10,10347,103474
1479361265,zlog_batch_write_batch,40,1024,40,10,11396,113969
1479361267,zlog_batch_write_batch,40,1024,40,10,11262,112624
1479361269,zlog_batch_write_batch,40,1024,40,10,11342,113423
1479361271,zlog_batch_write_batch,40,1024,40,10,11371,113718
1479361273,zlog_batch_write_batch,40,1024,40,10,8888,88889
1479361275,zlog_batch_write_batch,40,1024,40,10,11113,111134
1479361277,zlog_batch_write_batch,40,1024,40,10,11357,113574
1479361279,zlog_batch_write_batch,40,1024,40,10,10457,104572
1479361281,zlog_batch_write_batch,40,1024,40,10,11268,112689
1479361283,zlog_batch_write_batch,40,1024,40,10,11507,115079
1479361285,zlog_batch_write_batch,40,1024,40,10,11033,110339
1479361287,zlog_batch_write_batch,40,1024,40,10,11266,112664
1479361289,zlog_batch_write_batch,40,1024,40,10,11422,114224
1479361291,zlog_batch_write_batch,40,1024,40,10,9022,90220
1479361293,zlog_batch_write_batch,40,1024,40,10,11341,113418
1479361295,zlog_batch_write_batch,40,1024,40,10,10627,106279
1479361297,zlog_batch_write_batch,40,1024,40,10,8737,87375
1479361299,zlog_batch_write_batch,40,1024,40,10,11277,112774
1479361301,zlog_batch_write_batch,40,1024,40,10,11290,112909
1479361303,zlog_batch_write_batch,40,1024,40,10,11191,111913
1479361305,zlog_batch_write_batch,40,1024,40,10,11347,113479
1479361307,zlog_batch_write_batch,40,1024,40,10,11297,112974
1479361309,zlog_batch_write_batch,40,1024,40,10,10428,104289
1479361311,zlog_batch_write_batch,40,1024,40,10,11206,112068
1479361313,zlog_batch_write_batch,40,1024,40,10,11312,113129
1479361315,zlog_batch_write_batch,40,1024,40,10,9229,92290
1479361317,zlog_batch_write_batch,40,1024,40,10,11328,113284
1479361319,zlog_batch_write_batch,40,1024,40,10,11267,112674
1479361321,zlog_batch_write_batch,40,1024,40,10,8734,87340
1479361323,zlog_batch_write_batch,40,1024,40,10,11332,113324
1479361325,zlog_batch_write_batch,40,1024,40,10,11259,112594
1479361327,zlog_batch_write_batch,40,1024,40,10,9490,94900
1479361329,zlog_batch_write_batch,40,1024,40,10,11322,113223
1479361331,zlog_batch_write_batch,40,1024,40,10,11281,112818
1479361333,zlog_batch_write_batch,40,1024,40,10,8368,83685
1479361335,zlog_batch_write_batch,40,1024,40,10,10348,103484
1479361337,zlog_batch_write_batch,40,1024,40,10,11249,112493
1479361339,zlog_batch_write_batch,40,1024,40,10,10967,109679
1479361341,zlog_batch_write_batch,40,1024,40,10,11301,113019
1479361343,zlog_batch_write_batch,40,1024,40,10,10618,106184
1479361345,zlog_batch_write_batch,40,1024,40,10,9587,95879
1479361347,zlog_batch_write_batch,40,1024,40,10,11133,111334
1479361349,zlog_batch_write_batch,40,1024,40,10,9884,98840
1479361351,zlog_batch_write_batch,40,1024,40,10,9837,98375
1479361353,zlog_batch_write_batch,40,1024,40,10,10951,109519
1479361355,zlog_batch_write_batch,40,1024,40,10,7865,78650
1479361357,zlog_batch_write_batch,40,1024,40,10,11220,112204
1479361359,zlog_batch_write_batch,40,1024,40,10,11366,113668
1479361361,zlog_batch_write_batch,40,1024,40,10,11163,111634
1479361363,zlog_batch_write_batch,40,1024,40,10,11429,114298
1479361365,zlog_batch_write_batch,40,1024,40,10,11316,113164
1479361367,zlog_batch_write_batch,40,1024,40,10,10111,101114
1479361369,zlog_batch_write_batch,40,1024,40,10,11284,112844
1479361371,zlog_batch_write_batch,40,1024,40,10,11295,112954
1479361373,zlog_batch_write_batch,40,1024,40,10,10389,103899
1479361375,zlog_batch_write_batch,40,1024,40,10,11253,112534
1479361377,zlog_batch_write_batch,40,1024,40,10,11387,113873
1479361379,zlog_batch_write_batch,40,1024,40,10,8061,80616
1479361381,zlog_batch_write_batch,40,1024,40,10,11245,112459
1479361383,zlog_batch_write_batch,40,1024,40,10,11239,112398
1479361385,zlog_batch_write_batch,40,1024,40,10,11153,111539
1479361387,zlog_batch_write_batch,40,1024,40,10,11163,111639
1479361389,zlog_batch_write_batch,40,1024,40,10,11141,111412
1479361391,zlog_batch_write_batch,40,1024,40,10,9350,93500
1479361393,zlog_batch_write_batch,40,1024,40,10,10313,103134
1479361395,zlog_batch_write_batch,40,1024,40,10,11344,113449
1479361397,zlog_batch_write_batch,40,1024,40,10,11260,112609
1479361399,zlog_batch_write_batch,40,1024,40,10,11284,112848
1479361401,zlog_batch_write_batch,40,1024,40,10,10648,106484
1479361403,zlog_batch_write_batch,40,1024,40,10,10106,101064
1479361405,zlog_batch_write_batch,40,1024,40,10,10856,108563
1479361407,zlog_batch_write_batch,40,1024,40,10,11237,112374
1479361409,zlog_batch_write_batch,40,1024,40,10,8727,87272
1479361411,zlog_batch_write_batch,40,1024,40,10,11238,112389
1479361413,zlog_batch_write_batch,40,1024,40,10,11298,112989
1479361415,zlog_batch_write_batch,40,1024,40,10,10961,109618
1479361417,zlog_batch_write_batch,40,1024,40,10,11221,112214
1479361419,zlog_batch_write_batch,40,1024,40,10,11272,112728
1479361421,zlog_batch_write_batch,40,1024,40,10,9687,96870
1479361423,zlog_batch_write_batch,40,1024,40,10,10674,106744
1479361425,zlog_batch_write_batch,40,1024,40,10,11362,113624
1479361427,zlog_batch_write_batch,40,1024,40,10,9995,99950
1479361429,zlog_batch_write_batch,40,1024,40,10,11260,112608
1479361431,zlog_batch_write_batch,40,1024,40,10,11183,111834
1479361433,zlog_batch_write_batch,40,1024,40,10,9089,90894
1479361435,zlog_batch_write_batch,40,1024,40,10,11175,111759
1479361437,zlog_batch_write_batch,40,1024,40,10,11238,112384
1479361439,zlog_batch_write_batch,40,1024,40,10,8491,84915
1479361441,zlog_batch_write_batch,40,1024,40,10,11284,112848
1479361443,zlog_batch_write_batch,40,1024,40,10,9530,95300
1479361445,zlog_batch_write_batch,40,1024,40,10,8680,86800
1479361447,zlog_batch_write_batch,40,1024,40,10,11329,113293
1479361449,zlog_batch_write_batch,40,1024,40,10,11084,110849
1479361451,zlog_batch_write_batch,40,1024,40,10,8795,87955
1479361453,zlog_batch_write_batch,40,1024,40,10,11265,112653
1479361455,zlog_batch_write_batch,40,1024,40,10,10562,105624
1479361457,zlog_batch_write_batch,40,1024,40,10,9803,98030
1479361459,zlog_batch_write_batch,40,1024,40,10,10156,101564
1479361461,zlog_batch_write_batch,40,1024,40,10,8747,87476
1479361463,zlog_batch_write_batch,40,1024,40,10,9780,97805
1479361465,zlog_batch_write_batch,40,1024,40,10,11238,112389
1479361467,zlog_batch_write_batch,40,1024,40,10,9268,92680
1479361469,zlog_batch_write_batch,40,1024,40,10,9562,95629
1479361471,zlog_batch_write_batch,40,1024,40,10,10389,103894
